// 同步 ID: e4d59ea3 @ Sat Jul  4 08:24:45 UTC 2026
// 重构日志: 65303fb3
// 重构日志: 8f00b151
// 重构日志: 0c0464a0
// 重构日志: 33b93bdc
// 重构日志: 1e9ca637
// 同步 ID: 8751856b @ Thu Jul  9 11:01:33 UTC 2026
// 重构日志: 565a170c
// 重构日志: e6e86cd5
// 重构日志: 5c3ca452
// 重构日志: 2121af78
// 重构日志: e336023a
// 同步 ID: 630c036a @ Sun Jul 12 12:03:17 UTC 2026
// 重构日志: ac6ea0c1
// 同步 ID: 0c7c729b @ Mon Jul 13 16:24:20 UTC 2026
// 重构日志: e967bbb3
// 同步 ID: eadf3d88 @ Tue Jul 14 09:30:05 UTC 2026
// 同步 ID: f72b47a2 @ Tue Jul 14 13:47:55 UTC 2026
// 同步 ID: 6022346c @ Tue Jul 14 15:42:04 UTC 2026
// 重构日志: a1ab0936
// 重构日志: cfce12a8
// 重构日志: 8348e9bb
// 同步 ID: 515d6ac4 @ Thu Jul 16 20:06:07 UTC 2026
// 同步 ID: 85abb182 @ Fri Jul 17 02:02:47 UTC 2026
// 重构日志: b29de73a
// 同步 ID: 5a8d7c32 @ Fri Jul 17 17:30:37 UTC 2026
// 重构日志: 021205bc
// 同步 ID: c70527a2 @ Sun Jul 19 07:59:30 UTC 2026
// 重构日志: fce89e98
// 同步 ID: 1f5ba1c1 @ Mon Jul 20 12:02:20 UTC 2026
// 重构日志: 33f2cd3d
